<?xml version="1.0" encoding="UTF-8"?>
<!-- Generated by org.testng.reporters.JUnitXMLReporter -->
<testsuite hostname="Divya-PC" ignored="0" name="sales force Login Page Test" tests="5" failures="0" timestamp="11 Aug 2022 18:42:00 GMT" time="42.972" errors="0">
  <testcase name="testCase1" time="1.188" classname="com.qa.salesforce.test.LoginPageTest"/>
  <testcase name="testCase2" time="4.667" classname="com.qa.salesforce.test.LoginPageTest"/>
  <testcase name="testCase3" time="4.032" classname="com.qa.salesforce.test.LoginPageTest"/>
  <testcase name="testCase4A" time="0.595" classname="com.qa.salesforce.test.LoginPageTest"/>
  <testcase name="testCase4B" time="0.378" classname="com.qa.salesforce.test.LoginPageTest"/>
</testsuite> <!-- sales force Login Page Test -->
